SF:lib/src/queue_future_callback.dart
DA:14,2
DA:26,1
DA:35,2
DA:37,0
DA:39,1
DA:40,2
DA:41,2
DA:42,2
DA:45,1
DA:46,1
DA:47,2
DA:48,2
DA:49,2
DA:50,1
DA:51,2
DA:52,2
DA:56,1
DA:57,1
DA:60,1
DA:61,2
DA:62,2
DA:63,3
DA:64,2
DA:66,0
DA:67,0
DA:68,0
DA:71,2
DA:72,2
DA:75,2
DA:76,2
DA:77,1
DA:78,3
DA:80,1
DA:83,1
DA:85,1
DA:87,2
DA:88,2
DA:89,1
DA:90,1
DA:96,1
DA:97,1
DA:100,1
DA:101,2
DA:102,1
DA:103,1
DA:107,1
DA:108,2
DA:109,4
DA:110,1
DA:111,2
DA:115,1
DA:116,2
DA:117,1
DA:118,2
LF:54
LH:50
end_of_record
